<?xml version="1.0" encoding="UTF-8"?>
<testng-results ignored="0" total="5" passed="5" failed="0" skipped="0">
  <reporter-output>
  </reporter-output>
  <suite started-at="2021-05-31T15:45:50 IST" name="Suite" finished-at="2021-05-31T15:46:14 IST" duration-ms="24198">
    <groups>
      <group name="cucumber">
        <method signature="AbstractTestNGCucumberTests.runScenario(io.cucumber.testng.PickleWrapper, io.cucumber.testng.FeatureWrapper)[pri:0, instance:StepDefinitions.TestRunner@d5b810e]" name="runScenario" class="io.cucumber.testng.AbstractTestNGCucumberTests"/>
      </group> <!-- cucumber -->
    </groups>
    <test started-at="2021-05-31T15:45:50 IST" name="Test" finished-at="2021-05-31T15:46:14 IST" duration-ms="24198">
      <class name="StepDefinitions.TestRunner">
        <test-method is-config="true" signature="setUpClass()[pri:0, instance:StepDefinitions.TestRunner@d5b810e]" started-at="2021-05-31T15:45:51 IST" name="setUpClass" finished-at="2021-05-31T15:45:51 IST" duration-ms="405" status="PASS">
          <reporter-output>
          </reporter-output>
        </test-method> <!-- setUpClass -->
        <test-method signature="runScenario(io.cucumber.testng.PickleWrapper, io.cucumber.testng.FeatureWrapper)[pri:0, instance:StepDefinitions.TestRunner@d5b810e]" started-at="2021-05-31T15:45:51 IST" name="runScenario" description="Runs Cucumber Scenarios" data-provider="scenarios" finished-at="2021-05-31T15:46:10 IST" duration-ms="18658" status="PASS">
          <params>
            <param index="0">
              <value>
                <![CDATA["Check login is succesful with valid credential"]]>
              </value>
            </param>
            <param index="1">
              <value>
                <![CDATA["Optional[Test Login functionality]"]]>
              </value>
            </param>
          </params>
          <reporter-output>
          </reporter-output>
        </test-method> <!-- runScenario -->
        <test-method signature="runScenario(io.cucumber.testng.PickleWrapper, io.cucumber.testng.FeatureWrapper)[pri:0, instance:StepDefinitions.TestRunner@d5b810e]" started-at="2021-05-31T15:45:51 IST" name="runScenario" description="Runs Cucumber Scenarios" data-provider="scenarios" finished-at="2021-05-31T15:46:10 IST" duration-ms="18777" status="PASS">
          <params>
            <param index="0">
              <value>
                <![CDATA["Check login is succesful with valid credential"]]>
              </value>
            </param>
            <param index="1">
              <value>
                <![CDATA["Optional[Test Login functionality]"]]>
              </value>
            </param>
          </params>
          <reporter-output>
          </reporter-output>
        </test-method> <!-- runScenario -->
        <test-method signature="runScenario(io.cucumber.testng.PickleWrapper, io.cucumber.testng.FeatureWrapper)[pri:0, instance:StepDefinitions.TestRunner@d5b810e]" started-at="2021-05-31T15:45:51 IST" name="runScenario" description="Runs Cucumber Scenarios" data-provider="scenarios" finished-at="2021-05-31T15:46:10 IST" duration-ms="18762" status="PASS">
          <params>
            <param index="0">
              <value>
                <![CDATA["Check login is succesful with valid credential"]]>
              </value>
            </param>
            <param index="1">
              <value>
                <![CDATA["Optional[Test Login functionality]"]]>
              </value>
            </param>
          </params>
          <reporter-output>
          </reporter-output>
        </test-method> <!-- runScenario -->
        <test-method signature="runScenario(io.cucumber.testng.PickleWrapper, io.cucumber.testng.FeatureWrapper)[pri:0, instance:StepDefinitions.TestRunner@d5b810e]" started-at="2021-05-31T15:45:51 IST" name="runScenario" description="Runs Cucumber Scenarios" data-provider="scenarios" finished-at="2021-05-31T15:46:10 IST" duration-ms="19023" status="PASS">
          <params>
            <param index="0">
              <value>
                <![CDATA["Check login is succesful with valid credential"]]>
              </value>
            </param>
            <param index="1">
              <value>
                <![CDATA["Optional[Test Login functionality]"]]>
              </value>
            </param>
          </params>
          <reporter-output>
          </reporter-output>
        </test-method> <!-- runScenario -->
        <test-method signature="runScenario(io.cucumber.testng.PickleWrapper, io.cucumber.testng.FeatureWrapper)[pri:0, instance:StepDefinitions.TestRunner@d5b810e]" started-at="2021-05-31T15:45:51 IST" name="runScenario" description="Runs Cucumber Scenarios" data-provider="scenarios" finished-at="2021-05-31T15:46:14 IST" duration-ms="22693" status="PASS">
          <params>
            <param index="0">
              <value>
                <![CDATA["validate title on 3schools  page"]]>
              </value>
            </param>
            <param index="1">
              <value>
                <![CDATA["Optional[Test Tiltle on the 3schools page]"]]>
              </value>
            </param>
          </params>
          <reporter-output>
          </reporter-output>
        </test-method> <!-- runScenario -->
        <test-method is-config="true" signature="tearDownClass()[pri:0, instance:StepDefinitions.TestRunner@d5b810e]" started-at="2021-05-31T15:46:14 IST" name="tearDownClass" finished-at="2021-05-31T15:46:14 IST" duration-ms="4" status="PASS">
          <reporter-output>
          </reporter-output>
        </test-method> <!-- tearDownClass -->
      </class> <!-- StepDefinitions.TestRunner -->
    </test> <!-- Test -->
  </suite> <!-- Suite -->
</testng-results>
