<?xml version="1.0" encoding="UTF-8"?>
<testng-results ignored="0" total="5" passed="5" failed="0" skipped="0">
  <reporter-output>
  </reporter-output>
  <suite started-at="2021-06-02T09:26:14 IST" name="BDD Demo" finished-at="2021-06-02T09:26:37 IST" duration-ms="22655">
    <groups>
      <group name="cucumber">
        <method signature="AbstractTestNGCucumberTests.runScenario(io.cucumber.testng.PickleWrapper, io.cucumber.testng.FeatureWrapper)[pri:0, instance:StepDefinitions.TestRunner@d5b810e]" name="runScenario" class="io.cucumber.testng.AbstractTestNGCucumberTests"/>
      </group> <!-- cucumber -->
    </groups>
    <test started-at="2021-06-02T09:26:14 IST" name="Test" finished-at="2021-06-02T09:26:37 IST" duration-ms="22655">
      <class name="StepDefinitions.TestRunner">
        <test-method is-config="true" signature="setUpClass()[pri:0, instance:StepDefinitions.TestRunner@d5b810e]" started-at="2021-06-02T09:26:15 IST" name="setUpClass" finished-at="2021-06-02T09:26:15 IST" duration-ms="270" status="PASS">
          <reporter-output>
          </reporter-output>
        </test-method> <!-- setUpClass -->
        <test-method signature="runScenario(io.cucumber.testng.PickleWrapper, io.cucumber.testng.FeatureWrapper)[pri:0, instance:StepDefinitions.TestRunner@d5b810e]" started-at="2021-06-02T09:26:15 IST" name="runScenario" description="Runs Cucumber Scenarios" data-provider="scenarios" finished-at="2021-06-02T09:26:36 IST" duration-ms="21150" status="PASS">
          <params>
            <param index="0">
              <value>
                <![CDATA["Check login is succesful with valid credential"]]>
              </value>
            </param>
            <param index="1">
              <value>
                <![CDATA["Optional[Test Login functionality]"]]>
              </value>
            </param>
          </params>
          <reporter-output>
          </reporter-output>
        </test-method> <!-- runScenario -->
        <test-method signature="runScenario(io.cucumber.testng.PickleWrapper, io.cucumber.testng.FeatureWrapper)[pri:0, instance:StepDefinitions.TestRunner@d5b810e]" started-at="2021-06-02T09:26:15 IST" name="runScenario" description="Runs Cucumber Scenarios" data-provider="scenarios" finished-at="2021-06-02T09:26:36 IST" duration-ms="21158" status="PASS">
          <params>
            <param index="0">
              <value>
                <![CDATA["Check login is succesful with valid credential"]]>
              </value>
            </param>
            <param index="1">
              <value>
                <![CDATA["Optional[Test Login functionality]"]]>
              </value>
            </param>
          </params>
          <reporter-output>
          </reporter-output>
        </test-method> <!-- runScenario -->
        <test-method signature="runScenario(io.cucumber.testng.PickleWrapper, io.cucumber.testng.FeatureWrapper)[pri:0, instance:StepDefinitions.TestRunner@d5b810e]" started-at="2021-06-02T09:26:15 IST" name="runScenario" description="Runs Cucumber Scenarios" data-provider="scenarios" finished-at="2021-06-02T09:26:34 IST" duration-ms="18356" status="PASS">
          <params>
            <param index="0">
              <value>
                <![CDATA["Check login is succesful with valid credential"]]>
              </value>
            </param>
            <param index="1">
              <value>
                <![CDATA["Optional[Test Login functionality]"]]>
              </value>
            </param>
          </params>
          <reporter-output>
          </reporter-output>
        </test-method> <!-- runScenario -->
        <test-method signature="runScenario(io.cucumber.testng.PickleWrapper, io.cucumber.testng.FeatureWrapper)[pri:0, instance:StepDefinitions.TestRunner@d5b810e]" started-at="2021-06-02T09:26:15 IST" name="runScenario" description="Runs Cucumber Scenarios" data-provider="scenarios" finished-at="2021-06-02T09:26:37 IST" duration-ms="21660" status="PASS">
          <params>
            <param index="0">
              <value>
                <![CDATA["Check login is succesful with valid credential"]]>
              </value>
            </param>
            <param index="1">
              <value>
                <![CDATA["Optional[Test Login functionality]"]]>
              </value>
            </param>
          </params>
          <reporter-output>
          </reporter-output>
        </test-method> <!-- runScenario -->
        <test-method signature="runScenario(io.cucumber.testng.PickleWrapper, io.cucumber.testng.FeatureWrapper)[pri:0, instance:StepDefinitions.TestRunner@d5b810e]" started-at="2021-06-02T09:26:15 IST" name="runScenario" description="Runs Cucumber Scenarios" data-provider="scenarios" finished-at="2021-06-02T09:26:35 IST" duration-ms="20173" status="PASS">
          <params>
            <param index="0">
              <value>
                <![CDATA["validate title on 3schools  page"]]>
              </value>
            </param>
            <param index="1">
              <value>
                <![CDATA["Optional[Test Tiltle on the 3schools page]"]]>
              </value>
            </param>
          </params>
          <reporter-output>
          </reporter-output>
        </test-method> <!-- runScenario -->
        <test-method is-config="true" signature="tearDownClass()[pri:0, instance:StepDefinitions.TestRunner@d5b810e]" started-at="2021-06-02T09:26:37 IST" name="tearDownClass" finished-at="2021-06-02T09:26:37 IST" duration-ms="2" status="PASS">
          <reporter-output>
          </reporter-output>
        </test-method> <!-- tearDownClass -->
      </class> <!-- StepDefinitions.TestRunner -->
    </test> <!-- Test -->
  </suite> <!-- BDD Demo -->
</testng-results>
